<?xml version="1.0" encoding="UTF-8"?>
<!-- Generated by org.testng.reporters.JUnitXMLReporter -->
<testsuite ignored="0" hostname="DESKTOP-JQHDF31" failures="0" tests="4" name="Default test" time="149.419" errors="0" timestamp="2022-11-17T11:49:57 IST">
  <testcase classname="com.testingama.AmazonTestng" name="browserLaunch" time="99.685"/>
  <testcase classname="com.testingama.AmazonTestng" name="searchBox" time="3.901"/>
  <testcase classname="com.testingama.AmazonTestng" name="enterSearch" time="41.07"/>
  <testcase classname="com.testingama.AmazonTestng" name="getCount" time="4.683"/>
</testsuite> <!-- Default test -->
