<?xml version="1.0" encoding="UTF-8"?>
<testng-results ignored="0" total="4" passed="4" failed="0" skipped="0">
  <reporter-output>
  </reporter-output>
  <suite started-at="2022-11-17T11:47:24 IST" name="Default suite" finished-at="2022-11-17T11:49:54 IST" duration-ms="149419">
    <groups>
    </groups>
    <test started-at="2022-11-17T11:47:24 IST" name="Default test" finished-at="2022-11-17T11:49:54 IST" duration-ms="149419">
      <class name="com.testingama.AmazonTestng">
        <test-method signature="browserLaunch()[pri:0, instance:com.testingama.AmazonTestng@10feca44]" started-at="2022-11-17T11:47:25 IST" name="browserLaunch" finished-at="2022-11-17T11:49:04 IST" duration-ms="99685" status="PASS">
          <reporter-output>
          </reporter-output>
        </test-method> <!-- browserLaunch -->
        <test-method signature="searchBox()[pri:1, instance:com.testingama.AmazonTestng@10feca44]" started-at="2022-11-17T11:49:04 IST" name="searchBox" finished-at="2022-11-17T11:49:08 IST" duration-ms="3901" status="PASS">
          <reporter-output>
          </reporter-output>
        </test-method> <!-- searchBox -->
        <test-method signature="enterSearch()[pri:2, instance:com.testingama.AmazonTestng@10feca44]" started-at="2022-11-17T11:49:08 IST" name="enterSearch" finished-at="2022-11-17T11:49:49 IST" duration-ms="41070" status="PASS">
          <reporter-output>
          </reporter-output>
        </test-method> <!-- enterSearch -->
        <test-method signature="getCount()[pri:3, instance:com.testingama.AmazonTestng@10feca44]" started-at="2022-11-17T11:49:49 IST" name="getCount" finished-at="2022-11-17T11:49:54 IST" duration-ms="4683" status="PASS">
          <reporter-output>
          </reporter-output>
        </test-method> <!-- getCount -->
      </class> <!-- com.testingama.AmazonTestng -->
    </test> <!-- Default test -->
  </suite> <!-- Default suite -->
</testng-results>
